<?xml version="1.0" encoding="UTF-8"?>
<!-- Generated by org.testng.reporters.JUnitReportReporter -->
<testsuite hostname="Abc-PC" failures="0" tests="1" name="Adidas.AdidasTest.ProductStoreWebTest" time="26.675" errors="0" timestamp="29 Jan 2021 20:23:10 GMT" skipped="0">
  <testcase classname="Adidas.AdidasTest.ProductStoreWebTest" name="ValidatePurchaseAmnt" time="26.675"/>
</testsuite> <!-- Adidas.AdidasTest.ProductStoreWebTest -->
