<?xml version="1.0" encoding="UTF-8"?>
<!-- Generated by org.testng.reporters.JUnitReportReporter -->
<testsuite hostname="Abc-PC" failures="0" tests="1" name="Adidas.AdidasTest.ECommTest" time="29.940" errors="0" timestamp="29 Jan 2021 18:41:57 GMT" skipped="0">
  <testcase classname="Adidas.AdidasTest.ECommTest" name="AddItemsToCart" time="29.940"/>
</testsuite> <!-- Adidas.AdidasTest.ECommTest -->
