<?xml version="1.0" encoding="UTF-8"?>
<!-- Generated by org.testng.reporters.JUnitReportReporter -->
<testsuite hostname="Abc-PC" failures="0" tests="2" name="Adidas.AdidasTest.ApiTest" time="33.473" errors="0" timestamp="29 Jan 2021 20:24:14 GMT" skipped="0">
  <testcase classname="Adidas.AdidasTest.ApiTest" name="AddUpdateDeleteNewPet" time="19.533"/>
  <testcase classname="Adidas.AdidasTest.ApiTest" name="GetAvailablePets" time="13.940"/>
</testsuite> <!-- Adidas.AdidasTest.ApiTest -->
